22:38:32: Creating resource group General
22:38:32: Creating resource group Internal
22:38:32: Creating resource group Autodetect
22:38:32: SceneManagerFactory for type 'DefaultSceneManager' registered.
22:38:32: Registering ResourceManager for type Material
22:38:32: Registering ResourceManager for type Mesh
22:38:32: Registering ResourceManager for type Skeleton
22:38:32: MovableObjectFactory for type 'ParticleSystem' registered.
22:38:32: OverlayElementFactory for type Panel registered.
22:38:32: OverlayElementFactory for type BorderPanel registered.
22:38:32: OverlayElementFactory for type TextArea registered.
22:38:32: Registering ResourceManager for type Font
22:38:32: ArchiveFactory for archive type FileSystem registered.
22:38:32: ArchiveFactory for archive type Zip registered.
22:38:32: DDS codec registering
22:38:32: FreeImage version: 3.15.1
22:38:32: This program uses FreeImage, a free, open source image library supporting all common bitmap formats. See http://freeimage.sourceforge.net for details
22:38:32: Supported formats: bmp,ico,jpg,jif,jpeg,jpe,jng,koa,iff,lbm,mng,pbm,pbm,pcd,pcx,pgm,pgm,png,ppm,ppm,ras,tga,targa,tif,tiff,wap,wbmp,wbm,psd,cut,xbm,xpm,gif,hdr,g3,sgi,exr,j2k,j2c,jp2,pfm,pct,pict,pic,3fr,arw,bay,bmq,cap,cine,cr2,crw,cs1,dc2,dcr,drf,dsc,dng,erf,fff,ia,iiq,k25,kc2,kdc,mdc,mef,mos,mrw,nef,nrw,orf,pef,ptx,pxn,qtk,raf,raw,rdc,rw2,rwl,rwz,sr2,srf,sti
22:38:32: Registering ResourceManager for type HighLevelGpuProgram
22:38:32: Registering ResourceManager for type Compositor
22:38:32: MovableObjectFactory for type 'Entity' registered.
22:38:32: MovableObjectFactory for type 'Light' registered.
22:38:32: MovableObjectFactory for type 'BillboardSet' registered.
22:38:32: MovableObjectFactory for type 'ManualObject' registered.
22:38:32: MovableObjectFactory for type 'BillboardChain' registered.
22:38:32: MovableObjectFactory for type 'RibbonTrail' registered.
22:38:32: OGRE EXCEPTION(6:FileNotFoundException): 'plugins.cfg' file not found! in ConfigFile::load at /build/buildd/ogre-1.7.4/OgreMain/src/OgreConfigFile.cpp (line 83)
22:38:32: plugins.cfg not found, automatic plugin loading disabled.
22:38:32: *-*-* OGRE Initialising
22:38:32: *-*-* Version 1.7.4 (Cthugha)
22:38:32: Creating resource group Group
22:38:32: Added resource location 'Media' of type 'FileSystem' to resource group 'Group' with recursive option
22:38:32: OGRE EXCEPTION(6:FileNotFoundException): 'ogre.cfg' file not found! in ConfigFile::load at /build/buildd/ogre-1.7.4/OgreMain/src/OgreConfigFile.cpp (line 83)
22:38:32: OGRE EXCEPTION(6:FileNotFoundException): 'ogre.cfg' file not found! in ConfigFile::load at /build/buildd/ogre-1.7.4/OgreMain/src/OgreConfigFile.cpp (line 83)
